  Bai2.cpp
  TiepTheoBai1.cpp
D:\HK3 nam 3\HUIT_CT4_T7-12_THKTLT_Buoi2\2001210757_NguyenHuuChi\2001210757_NguyenHuuChi\TiepTheoBai1.cpp(10,15): warning C4244: 'argument': conversion from 'time_t' to 'unsigned int', possible loss of data
D:\HK3 nam 3\HUIT_CT4_T7-12_THKTLT_Buoi2\2001210757_NguyenHuuChi\2001210757_NguyenHuuChi\TiepTheoBai1.cpp(271,16): warning C4566: character represented by universal-character-name '\u1EC7' cannot be represented in the current code page (1252)
D:\HK3 nam 3\HUIT_CT4_T7-12_THKTLT_Buoi2\2001210757_NguyenHuuChi\2001210757_NguyenHuuChi\TiepTheoBai1.cpp(271,16): warning C4566: character represented by universal-character-name '\u1ED1' cannot be represented in the current code page (1252)
D:\HK3 nam 3\HUIT_CT4_T7-12_THKTLT_Buoi2\2001210757_NguyenHuuChi\2001210757_NguyenHuuChi\TiepTheoBai1.cpp(271,16): warning C4566: character represented by universal-character-name '\u1ECF' cannot be represented in the current code page (1252)
D:\HK3 nam 3\HUIT_CT4_T7-12_THKTLT_Buoi2\2001210757_NguyenHuuChi\2001210757_NguyenHuuChi\TiepTheoBai1.cpp(271,16): warning C4566: character represented by universal-character-name '\u01A1' cannot be represented in the current code page (1252)
D:\HK3 nam 3\HUIT_CT4_T7-12_THKTLT_Buoi2\2001210757_NguyenHuuChi\2001210757_NguyenHuuChi\TiepTheoBai1.cpp(272,16): warning C4566: character represented by universal-character-name '\u1ED5' cannot be represented in the current code page (1252)
D:\HK3 nam 3\HUIT_CT4_T7-12_THKTLT_Buoi2\2001210757_NguyenHuuChi\2001210757_NguyenHuuChi\TiepTheoBai1.cpp(272,16): warning C4566: character represented by universal-character-name '\u1EA7' cannot be represented in the current code page (1252)
D:\HK3 nam 3\HUIT_CT4_T7-12_THKTLT_Buoi2\2001210757_NguyenHuuChi\2001210757_NguyenHuuChi\TiepTheoBai1.cpp(272,16): warning C4566: character represented by universal-character-name '\u1EED' cannot be represented in the current code page (1252)
D:\HK3 nam 3\HUIT_CT4_T7-12_THKTLT_Buoi2\2001210757_NguyenHuuChi\2001210757_NguyenHuuChi\TiepTheoBai1.cpp(272,16): warning C4566: character represented by universal-character-name '\u1EEF' cannot be represented in the current code page (1252)
D:\HK3 nam 3\HUIT_CT4_T7-12_THKTLT_Buoi2\2001210757_NguyenHuuChi\2001210757_NguyenHuuChi\TiepTheoBai1.cpp(272,16): warning C4566: character represented by universal-character-name '\u1ED1' cannot be represented in the current code page (1252)
D:\HK3 nam 3\HUIT_CT4_T7-12_THKTLT_Buoi2\2001210757_NguyenHuuChi\2001210757_NguyenHuuChi\TiepTheoBai1.cpp(272,16): warning C4566: character represented by universal-character-name '\u0111' cannot be represented in the current code page (1252)
D:\HK3 nam 3\HUIT_CT4_T7-12_THKTLT_Buoi2\2001210757_NguyenHuuChi\2001210757_NguyenHuuChi\TiepTheoBai1.cpp(272,16): warning C4566: character represented by universal-character-name '\u1EBB' cannot be represented in the current code page (1252)
D:\HK3 nam 3\HUIT_CT4_T7-12_THKTLT_Buoi2\2001210757_NguyenHuuChi\2001210757_NguyenHuuChi\TiepTheoBai1.cpp(273,16): warning C4566: character represented by universal-character-name '\u1EC7' cannot be represented in the current code page (1252)
D:\HK3 nam 3\HUIT_CT4_T7-12_THKTLT_Buoi2\2001210757_NguyenHuuChi\2001210757_NguyenHuuChi\TiepTheoBai1.cpp(273,16): warning C4566: character represented by universal-character-name '\u1ED1' cannot be represented in the current code page (1252)
D:\HK3 nam 3\HUIT_CT4_T7-12_THKTLT_Buoi2\2001210757_NguyenHuuChi\2001210757_NguyenHuuChi\TiepTheoBai1.cpp(273,16): warning C4566: character represented by universal-character-name '\u1EA7' cannot be represented in the current code page (1252)
D:\HK3 nam 3\HUIT_CT4_T7-12_THKTLT_Buoi2\2001210757_NguyenHuuChi\2001210757_NguyenHuuChi\TiepTheoBai1.cpp(273,16): warning C4566: character represented by universal-character-name '\u1EA5' cannot be represented in the current code page (1252)
D:\HK3 nam 3\HUIT_CT4_T7-12_THKTLT_Buoi2\2001210757_NguyenHuuChi\2001210757_NguyenHuuChi\TiepTheoBai1.cpp(273,16): warning C4566: character represented by universal-character-name '\u1EE7' cannot be represented in the current code page (1252)
D:\HK3 nam 3\HUIT_CT4_T7-12_THKTLT_Buoi2\2001210757_NguyenHuuChi\2001210757_NguyenHuuChi\TiepTheoBai1.cpp(273,16): warning C4566: character represented by universal-character-name '\u1EED' cannot be represented in the current code page (1252)
D:\HK3 nam 3\HUIT_CT4_T7-12_THKTLT_Buoi2\2001210757_NguyenHuuChi\2001210757_NguyenHuuChi\TiepTheoBai1.cpp(273,16): warning C4566: character represented by universal-character-name '\u1EA3' cannot be represented in the current code page (1252)
D:\HK3 nam 3\HUIT_CT4_T7-12_THKTLT_Buoi2\2001210757_NguyenHuuChi\2001210757_NguyenHuuChi\TiepTheoBai1.cpp(274,16): warning C4566: character represented by universal-character-name '\u1EAF' cannot be represented in the current code page (1252)
D:\HK3 nam 3\HUIT_CT4_T7-12_THKTLT_Buoi2\2001210757_NguyenHuuChi\2001210757_NguyenHuuChi\TiepTheoBai1.cpp(274,16): warning C4566: character represented by universal-character-name '\u1EBF' cannot be represented in the current code page (1252)
D:\HK3 nam 3\HUIT_CT4_T7-12_THKTLT_Buoi2\2001210757_NguyenHuuChi\2001210757_NguyenHuuChi\TiepTheoBai1.cpp(274,16): warning C4566: character represented by universal-character-name '\u1EA3' cannot be represented in the current code page (1252)
D:\HK3 nam 3\HUIT_CT4_T7-12_THKTLT_Buoi2\2001210757_NguyenHuuChi\2001210757_NguyenHuuChi\TiepTheoBai1.cpp(274,16): warning C4566: character represented by universal-character-name '\u1ED1' cannot be represented in the current code page (1252)
D:\HK3 nam 3\HUIT_CT4_T7-12_THKTLT_Buoi2\2001210757_NguyenHuuChi\2001210757_NguyenHuuChi\TiepTheoBai1.cpp(274,16): warning C4566: character represented by universal-character-name '\u1EB5' cannot be represented in the current code page (1252)
D:\HK3 nam 3\HUIT_CT4_T7-12_THKTLT_Buoi2\2001210757_NguyenHuuChi\2001210757_NguyenHuuChi\TiepTheoBai1.cpp(274,16): warning C4566: character represented by universal-character-name '\u0103' cannot be represented in the current code page (1252)
D:\HK3 nam 3\HUIT_CT4_T7-12_THKTLT_Buoi2\2001210757_NguyenHuuChi\2001210757_NguyenHuuChi\TiepTheoBai1.cpp(274,16): warning C4566: character represented by universal-character-name '\u1EA7' cannot be represented in the current code page (1252)
D:\HK3 nam 3\HUIT_CT4_T7-12_THKTLT_Buoi2\2001210757_NguyenHuuChi\2001210757_NguyenHuuChi\TiepTheoBai1.cpp(274,16): warning C4566: character represented by universal-character-name '\u1EBB' cannot be represented in the current code page (1252)
D:\HK3 nam 3\HUIT_CT4_T7-12_THKTLT_Buoi2\2001210757_NguyenHuuChi\2001210757_NguyenHuuChi\TiepTheoBai1.cpp(275,16): warning C4566: character represented by universal-character-name '\u1EA3' cannot be represented in the current code page (1252)
D:\HK3 nam 3\HUIT_CT4_T7-12_THKTLT_Buoi2\2001210757_NguyenHuuChi\2001210757_NguyenHuuChi\TiepTheoBai1.cpp(275,16): warning C4566: character represented by universal-character-name '\u1EA5' cannot be represented in the current code page (1252)
D:\HK3 nam 3\HUIT_CT4_T7-12_THKTLT_Buoi2\2001210757_NguyenHuuChi\2001210757_NguyenHuuChi\TiepTheoBai1.cpp(276,16): warning C4566: character represented by universal-character-name '\u1ED1' cannot be represented in the current code page (1252)
D:\HK3 nam 3\HUIT_CT4_T7-12_THKTLT_Buoi2\2001210757_NguyenHuuChi\2001210757_NguyenHuuChi\TiepTheoBai1.cpp(276,16): warning C4566: character represented by universal-character-name '\u1ECF' cannot be represented in the current code page (1252)
D:\HK3 nam 3\HUIT_CT4_T7-12_THKTLT_Buoi2\2001210757_NguyenHuuChi\2001210757_NguyenHuuChi\TiepTheoBai1.cpp(276,16): warning C4566: character represented by universal-character-name '\u1EE9' cannot be represented in the current code page (1252)
D:\HK3 nam 3\HUIT_CT4_T7-12_THKTLT_Buoi2\2001210757_NguyenHuuChi\2001210757_NguyenHuuChi\TiepTheoBai1.cpp(276,16): warning C4566: character represented by universal-character-name '\u1EA3' cannot be represented in the current code page (1252)
D:\HK3 nam 3\HUIT_CT4_T7-12_THKTLT_Buoi2\2001210757_NguyenHuuChi\2001210757_NguyenHuuChi\TiepTheoBai1.cpp(277,16): warning C4566: character represented by universal-character-name '\u1EA7' cannot be represented in the current code page (1252)
D:\HK3 nam 3\HUIT_CT4_T7-12_THKTLT_Buoi2\2001210757_NguyenHuuChi\2001210757_NguyenHuuChi\TiepTheoBai1.cpp(277,16): warning C4566: character represented by universal-character-name '\u1EED' cannot be represented in the current code page (1252)
D:\HK3 nam 3\HUIT_CT4_T7-12_THKTLT_Buoi2\2001210757_NguyenHuuChi\2001210757_NguyenHuuChi\TiepTheoBai1.cpp(277,16): warning C4566: character represented by universal-character-name '\u1EA3' cannot be represented in the current code page (1252)
D:\HK3 nam 3\HUIT_CT4_T7-12_THKTLT_Buoi2\2001210757_NguyenHuuChi\2001210757_NguyenHuuChi\TiepTheoBai1.cpp(277,16): warning C4566: character represented by universal-character-name '\u1EE9' cannot be represented in the current code page (1252)
D:\HK3 nam 3\HUIT_CT4_T7-12_THKTLT_Buoi2\2001210757_NguyenHuuChi\2001210757_NguyenHuuChi\TiepTheoBai1.cpp(277,16): warning C4566: character represented by universal-character-name '\u1EEF' cannot be represented in the current code page (1252)
D:\HK3 nam 3\HUIT_CT4_T7-12_THKTLT_Buoi2\2001210757_NguyenHuuChi\2001210757_NguyenHuuChi\TiepTheoBai1.cpp(277,16): warning C4566: character represented by universal-character-name '\u1ED1' cannot be represented in the current code page (1252)
D:\HK3 nam 3\HUIT_CT4_T7-12_THKTLT_Buoi2\2001210757_NguyenHuuChi\2001210757_NguyenHuuChi\TiepTheoBai1.cpp(277,16): warning C4566: character represented by universal-character-name '\u1EE7' cannot be represented in the current code page (1252)
D:\HK3 nam 3\HUIT_CT4_T7-12_THKTLT_Buoi2\2001210757_NguyenHuuChi\2001210757_NguyenHuuChi\TiepTheoBai1.cpp(278,16): warning C4566: character represented by universal-character-name '\u1EAF' cannot be represented in the current code page (1252)
D:\HK3 nam 3\HUIT_CT4_T7-12_THKTLT_Buoi2\2001210757_NguyenHuuChi\2001210757_NguyenHuuChi\TiepTheoBai1.cpp(278,16): warning C4566: character represented by universal-character-name '\u1EBF' cannot be represented in the current code page (1252)
D:\HK3 nam 3\HUIT_CT4_T7-12_THKTLT_Buoi2\2001210757_NguyenHuuChi\2001210757_NguyenHuuChi\TiepTheoBai1.cpp(278,16): warning C4566: character represented by universal-character-name '\u1EA3' cannot be represented in the current code page (1252)
D:\HK3 nam 3\HUIT_CT4_T7-12_THKTLT_Buoi2\2001210757_NguyenHuuChi\2001210757_NguyenHuuChi\TiepTheoBai1.cpp(278,16): warning C4566: character represented by universal-character-name '\u1EA7' cannot be represented in the current code page (1252)
D:\HK3 nam 3\HUIT_CT4_T7-12_THKTLT_Buoi2\2001210757_NguyenHuuChi\2001210757_NguyenHuuChi\TiepTheoBai1.cpp(278,16): warning C4566: character represented by universal-character-name '\u1EED' cannot be represented in the current code page (1252)
D:\HK3 nam 3\HUIT_CT4_T7-12_THKTLT_Buoi2\2001210757_NguyenHuuChi\2001210757_NguyenHuuChi\TiepTheoBai1.cpp(278,16): warning C4566: character represented by universal-character-name '\u1EB5' cannot be represented in the current code page (1252)
D:\HK3 nam 3\HUIT_CT4_T7-12_THKTLT_Buoi2\2001210757_NguyenHuuChi\2001210757_NguyenHuuChi\TiepTheoBai1.cpp(278,16): warning C4566: character represented by universal-character-name '\u0103' cannot be represented in the current code page (1252)
D:\HK3 nam 3\HUIT_CT4_T7-12_THKTLT_Buoi2\2001210757_NguyenHuuChi\2001210757_NguyenHuuChi\TiepTheoBai1.cpp(278,16): warning C4566: character represented by universal-character-name '\u1EBB' cannot be represented in the current code page (1252)
D:\HK3 nam 3\HUIT_CT4_T7-12_THKTLT_Buoi2\2001210757_NguyenHuuChi\2001210757_NguyenHuuChi\TiepTheoBai1.cpp(278,16): warning C4566: character represented by universal-character-name '\u1EEF' cannot be represented in the current code page (1252)
D:\HK3 nam 3\HUIT_CT4_T7-12_THKTLT_Buoi2\2001210757_NguyenHuuChi\2001210757_NguyenHuuChi\TiepTheoBai1.cpp(278,16): warning C4566: character represented by universal-character-name '\u1ECB' cannot be represented in the current code page (1252)
D:\HK3 nam 3\HUIT_CT4_T7-12_THKTLT_Buoi2\2001210757_NguyenHuuChi\2001210757_NguyenHuuChi\TiepTheoBai1.cpp(279,16): warning C4566: character represented by universal-character-name '\u1EAF' cannot be represented in the current code page (1252)
D:\HK3 nam 3\HUIT_CT4_T7-12_THKTLT_Buoi2\2001210757_NguyenHuuChi\2001210757_NguyenHuuChi\TiepTheoBai1.cpp(279,16): warning C4566: character represented by universal-character-name '\u1EBF' cannot be represented in the current code page (1252)
D:\HK3 nam 3\HUIT_CT4_T7-12_THKTLT_Buoi2\2001210757_NguyenHuuChi\2001210757_NguyenHuuChi\TiepTheoBai1.cpp(279,16): warning C4566: character represented by universal-character-name '\u1EA3' cannot be represented in the current code page (1252)
D:\HK3 nam 3\HUIT_CT4_T7-12_THKTLT_Buoi2\2001210757_NguyenHuuChi\2001210757_NguyenHuuChi\TiepTheoBai1.cpp(279,16): warning C4566: character represented by universal-character-name '\u1ED1' cannot be represented in the current code page (1252)
D:\HK3 nam 3\HUIT_CT4_T7-12_THKTLT_Buoi2\2001210757_NguyenHuuChi\2001210757_NguyenHuuChi\TiepTheoBai1.cpp(279,16): warning C4566: character represented by universal-character-name '\u1EBB' cannot be represented in the current code page (1252)
D:\HK3 nam 3\HUIT_CT4_T7-12_THKTLT_Buoi2\2001210757_NguyenHuuChi\2001210757_NguyenHuuChi\TiepTheoBai1.cpp(279,16): warning C4566: character represented by universal-character-name '\u1EDF' cannot be represented in the current code page (1252)
D:\HK3 nam 3\HUIT_CT4_T7-12_THKTLT_Buoi2\2001210757_NguyenHuuChi\2001210757_NguyenHuuChi\TiepTheoBai1.cpp(279,16): warning C4566: character represented by universal-character-name '\u0111' cannot be represented in the current code page (1252)
D:\HK3 nam 3\HUIT_CT4_T7-12_THKTLT_Buoi2\2001210757_NguyenHuuChi\2001210757_NguyenHuuChi\TiepTheoBai1.cpp(279,16): warning C4566: character represented by universal-character-name '\u1EA7' cannot be represented in the current code page (1252)
D:\HK3 nam 3\HUIT_CT4_T7-12_THKTLT_Buoi2\2001210757_NguyenHuuChi\2001210757_NguyenHuuChi\TiepTheoBai1.cpp(279,16): warning C4566: character represented by universal-character-name '\u1EB5' cannot be represented in the current code page (1252)
D:\HK3 nam 3\HUIT_CT4_T7-12_THKTLT_Buoi2\2001210757_NguyenHuuChi\2001210757_NguyenHuuChi\TiepTheoBai1.cpp(282,9): warning C4996: 'scanf': This function or variable may be unsafe. Consider using scanf_s instead. To disable deprecation, use _CRT_SECURE_NO_WARNINGS. See online help for details.
D:\HK3 nam 3\HUIT_CT4_T7-12_THKTLT_Buoi2\2001210757_NguyenHuuChi\2001210757_NguyenHuuChi\TiepTheoBai1.cpp(288,13): warning C4996: 'scanf': This function or variable may be unsafe. Consider using scanf_s instead. To disable deprecation, use _CRT_SECURE_NO_WARNINGS. See online help for details.
D:\HK3 nam 3\HUIT_CT4_T7-12_THKTLT_Buoi2\2001210757_NguyenHuuChi\2001210757_NguyenHuuChi\TiepTheoBai1.cpp(311,13): warning C4996: 'scanf': This function or variable may be unsafe. Consider using scanf_s instead. To disable deprecation, use _CRT_SECURE_NO_WARNINGS. See online help for details.
  Generating Code...
  2001210757_NguyenHuuChi.vcxproj -> D:\HK3 nam 3\HUIT_CT4_T7-12_THKTLT_Buoi2\2001210757_NguyenHuuChi\x64\Debug\2001210757_NguyenHuuChi.exe
